# JRE version: OpenJDK Runtime Environment (25.0.2) (build 25.0.2+-15348964-b329.117)
# Java VM: OpenJDK 64-Bit Server VM (25.0.2+-15348964-b329.117, mixed mode, tiered, compressed oops, compressed class ptrs, g1 gc, windows-amd64)
GC Precious Log:
 CardTable entry size: 512
 Card Set container configuration: InlinePtr #cards 5 size 8 Array Of Cards #cards 10 size 36 Howl #buckets 4 coarsen threshold 1843 Howl Bitmap #cards 512 size 80 coarsen threshold 460 Card regions per heap region 1 cards per card region 2048
 CPUs: 6 total, 6 available
 Memory: 7542M
 Large Page Support: Disabled
 NUMA Support: Disabled
 Compressed Oops: Enabled (32-bit)
 Heap Region Size: 1M
 Heap Min Capacity: 8M
 Heap Initial Capacity: 118M
 Heap Max Capacity: 1886M
 Pre-touch: Disabled
 Parallel Workers: 6
 Concurrent Workers: 2
 Concurrent Refinement Workers: 6
 Periodic GC: Disabled
Heap:
 garbage-first heap   total reserved 1931264K, committed 177152K, used 128976K [0x000000008a200000, 0x0000000100000000)
  region size 1024K, 47 young (48128K), 5 survivors (5120K)
GC Heap Usage History (20 events):
Event: 2.699 {heap Before GC invocations=15 (full 0):
 garbage-first heap   total reserved 1931264K, committed 70656K, used 55725K [0x000000008a200000, 0x0000000100000000)
  region size 1024K, 23 young (23552K), 2 survivors (2048K)
}
Event: 2.708 {heap After GC invocations=16 (full 0):
 garbage-first heap   total reserved 1931264K, committed 70656K, used 40863K [0x000000008a200000, 0x0000000100000000)
  region size 1024K, 3 young (3072K), 3 survivors (3072K)
}
Event: 2.972 {heap Before GC invocations=17 (full 0):
 garbage-first heap   total reserved 1931264K, committed 70656K, used 57247K [0x000000008a200000, 0x0000000100000000)
  region size 1024K, 20 young (20480K), 3 survivors (3072K)
}
Event: 2.978 {heap After GC invocations=18 (full 0):
 garbage-first heap   total reserved 1931264K, committed 70656K, used 43020K [0x000000008a200000, 0x0000000100000000)
  region size 1024K, 2 young (2048K), 2 survivors (2048K)
}
Event: 3.299 {heap Before GC invocations=18 (full 0):
 garbage-first heap   total reserved 1931264K, committed 70656K, used 59404K [0x000000008a200000, 0x0000000100000000)
  region size 1024K, 18 young (18432K), 2 survivors (2048K)
}
Event: 3.309 {heap After GC invocations=19 (full 0):
 garbage-first heap   total reserved 1931264K, committed 70656K, used 46381K [0x000000008a200000, 0x0000000100000000)
  region size 1024K, 3 young (3072K), 3 survivors (3072K)
}
Event: 3.630 {heap Before GC invocations=19 (full 0):
 garbage-first heap   total reserved 1931264K, committed 70656K, used 59693K [0x000000008a200000, 0x0000000100000000)
  region size 1024K, 17 young (17408K), 3 survivors (3072K)
}
Event: 3.641 {heap After GC invocations=20 (full 0):
 garbage-first heap   total reserved 1931264K, committed 70656K, used 49679K [0x000000008a200000, 0x0000000100000000)
  region size 1024K, 3 young (3072K), 3 survivors (3072K)
}
Event: 3.920 {heap Before GC invocations=21 (full 0):
 garbage-first heap   total reserved 1931264K, committed 83968K, used 61967K [0x000000008a200000, 0x0000000100000000)
  region size 1024K, 15 young (15360K), 3 survivors (3072K)
}
Event: 3.927 {heap After GC invocations=22 (full 0):
 garbage-first heap   total reserved 1931264K, committed 83968K, used 52096K [0x000000008a200000, 0x0000000100000000)
  region size 1024K, 2 young (2048K), 2 survivors (2048K)
}
Event: 4.193 {heap Before GC invocations=22 (full 0):
 garbage-first heap   total reserved 1931264K, committed 83968K, used 71552K [0x000000008a200000, 0x0000000100000000)
  region size 1024K, 21 young (21504K), 2 survivors (2048K)
}
Event: 4.205 {heap After GC invocations=23 (full 0):
 garbage-first heap   total reserved 1931264K, committed 146432K, used 56320K [0x000000008a200000, 0x0000000100000000)
  region size 1024K, 3 young (3072K), 3 survivors (3072K)
}
Event: 5.146 {heap Before GC invocations=23 (full 0):
 garbage-first heap   total reserved 1931264K, committed 146432K, used 109568K [0x000000008a200000, 0x0000000100000000)
  region size 1024K, 55 young (56320K), 3 survivors (3072K)
}
Event: 5.159 {heap After GC invocations=24 (full 0):
 garbage-first heap   total reserved 1931264K, committed 146432K, used 64512K [0x000000008a200000, 0x0000000100000000)
  region size 1024K, 7 young (7168K), 7 survivors (7168K)
}
Event: 5.860 {heap Before GC invocations=24 (full 0):
 garbage-first heap   total reserved 1931264K, committed 146432K, used 113664K [0x000000008a200000, 0x0000000100000000)
  region size 1024K, 55 young (56320K), 7 survivors (7168K)
}
Event: 5.874 {heap After GC invocations=25 (full 0):
 garbage-first heap   total reserved 1931264K, committed 146432K, used 72085K [0x000000008a200000, 0x0000000100000000)
  region size 1024K, 7 young (7168K), 7 survivors (7168K)
}
Event: 6.351 {heap Before GC invocations=25 (full 0):
 garbage-first heap   total reserved 1931264K, committed 146432K, used 119189K [0x000000008a200000, 0x0000000100000000)
  region size 1024K, 53 young (54272K), 7 survivors (7168K)
}
Event: 6.367 {heap After GC invocations=26 (full 0):
 garbage-first heap   total reserved 1931264K, committed 146432K, used 81831K [0x000000008a200000, 0x0000000100000000)
  region size 1024K, 7 young (7168K), 7 survivors (7168K)
}
Event: 7.098 {heap Before GC invocations=26 (full 0):
 garbage-first heap   total reserved 1931264K, committed 146432K, used 122791K [0x000000008a200000, 0x0000000100000000)
  region size 1024K, 47 young (48128K), 7 survivors (7168K)
}
Event: 7.112 {heap After GC invocations=27 (full 0):
 garbage-first heap   total reserved 1931264K, committed 177152K, used 86992K [0x000000008a200000, 0x0000000100000000)
  region size 1024K, 5 young (5120K), 5 survivors (5120K)
}

